# JRE version: OpenJDK Runtime Environment (11.0.17+8) (build 11.0.17+8-post-Ubuntu-1ubuntu222.04)
# Java VM: OpenJDK 64-Bit Server VM (11.0.17+8-post-Ubuntu-1ubuntu222.04, mixed mode, sharing, tiered, compressed oops, g1 gc, linux-amd64)
Heap:
 garbage-first heap   total 167936K, used 103938K [0x0000000080000000, 0x0000000100000000)
  region size 1024K, 9 young (9216K), 2 survivors (2048K)
 Metaspace       used 88609K, capacity 91748K, committed 92032K, reserved 595968K
  class space    used 12167K, capacity 13392K, committed 13516K, reserved 516096K
GC Heap History (20 events):
Event: 20.002 GC heap before
{Heap before GC invocations=14 (full 0):
 garbage-first heap   total 167936K, used 123205K [0x0000000080000000, 0x0000000100000000)
  region size 1024K, 85 young (87040K), 8 survivors (8192K)
 Metaspace       used 57470K, capacity 59438K, committed 59724K, reserved 567296K
  class space    used 7889K, capacity 8679K, committed 8780K, reserved 516096K
}
Event: 20.019 GC heap after
{Heap after GC invocations=15 (full 0):
 garbage-first heap   total 167936K, used 49115K [0x0000000080000000, 0x0000000100000000)
  region size 1024K, 8 young (8192K), 8 survivors (8192K)
 Metaspace       used 57470K, capacity 59438K, committed 59724K, reserved 567296K
  class space    used 7889K, capacity 8679K, committed 8780K, reserved 516096K
}
Event: 21.374 GC heap before
{Heap before GC invocations=15 (full 0):
 garbage-first heap   total 167936K, used 127963K [0x0000000080000000, 0x0000000100000000)
  region size 1024K, 84 young (86016K), 8 survivors (8192K)
 Metaspace       used 62207K, capacity 64411K, committed 64716K, reserved 571392K
  class space    used 8516K, capacity 9403K, committed 9420K, reserved 516096K
}
Event: 21.385 GC heap after
{Heap after GC invocations=16 (full 0):
 garbage-first heap   total 167936K, used 56258K [0x0000000080000000, 0x0000000100000000)
  region size 1024K, 11 young (11264K), 11 survivors (11264K)
 Metaspace       used 62207K, capacity 64411K, committed 64716K, reserved 571392K
  class space    used 8516K, capacity 9403K, committed 9420K, reserved 516096K
}
Event: 23.011 GC heap before
{Heap before GC invocations=16 (full 0):
 garbage-first heap   total 167936K, used 114626K [0x0000000080000000, 0x0000000100000000)
  region size 1024K, 67 young (68608K), 11 survivors (11264K)
 Metaspace       used 67932K, capacity 70256K, committed 70528K, reserved 577536K
  class space    used 9201K, capacity 10119K, committed 10188K, reserved 516096K
}
Event: 23.025 GC heap after
{Heap after GC invocations=17 (full 0):
 garbage-first heap   total 167936K, used 66995K [0x0000000080000000, 0x0000000100000000)
  region size 1024K, 8 young (8192K), 8 survivors (8192K)
 Metaspace       used 67932K, capacity 70256K, committed 70528K, reserved 577536K
  class space    used 9201K, capacity 10119K, committed 10188K, reserved 516096K
}
Event: 23.897 GC heap before
{Heap before GC invocations=18 (full 0):
 garbage-first heap   total 167936K, used 128435K [0x0000000080000000, 0x0000000100000000)
  region size 1024K, 68 young (69632K), 8 survivors (8192K)
 Metaspace       used 73999K, capacity 76385K, committed 76928K, reserved 583680K
  class space    used 9927K, capacity 10893K, committed 10956K, reserved 516096K
}
Event: 23.920 GC heap after
{Heap after GC invocations=19 (full 0):
 garbage-first heap   total 167936K, used 72704K [0x0000000080000000, 0x0000000100000000)
  region size 1024K, 6 young (6144K), 6 survivors (6144K)
 Metaspace       used 73999K, capacity 76385K, committed 76928K, reserved 583680K
  class space    used 9927K, capacity 10893K, committed 10956K, reserved 516096K
}
Event: 24.596 GC heap before
{Heap before GC invocations=20 (full 0):
 garbage-first heap   total 167936K, used 132096K [0x0000000080000000, 0x0000000100000000)
  region size 1024K, 64 young (65536K), 6 survivors (6144K)
 Metaspace       used 75141K, capacity 77696K, committed 77952K, reserved 583680K
  class space    used 10108K, capacity 11152K, committed 11212K, reserved 516096K
}
Event: 24.608 GC heap after
{Heap after GC invocations=21 (full 0):
 garbage-first heap   total 167936K, used 77946K [0x0000000080000000, 0x0000000100000000)
  region size 1024K, 6 young (6144K), 6 survivors (6144K)
 Metaspace       used 75141K, capacity 77696K, committed 77952K, reserved 583680K
  class space    used 10108K, capacity 11152K, committed 11212K, reserved 516096K
}
Event: 30.302 GC heap before
{Heap before GC invocations=21 (full 0):
 garbage-first heap   total 167936K, used 133242K [0x0000000080000000, 0x0000000100000000)
  region size 1024K, 60 young (61440K), 6 survivors (6144K)
 Metaspace       used 79835K, capacity 82469K, committed 82816K, reserved 587776K
  class space    used 10888K, capacity 11921K, committed 11980K, reserved 516096K
}
Event: 30.319 GC heap after
{Heap after GC invocations=22 (full 0):
 garbage-first heap   total 167936K, used 82425K [0x0000000080000000, 0x0000000100000000)
  region size 1024K, 4 young (4096K), 4 survivors (4096K)
 Metaspace       used 79835K, capacity 82469K, committed 82816K, reserved 587776K
  class space    used 10888K, capacity 11921K, committed 11980K, reserved 516096K
}
Event: 31.121 GC heap before
{Heap before GC invocations=22 (full 0):
 garbage-first heap   total 167936K, used 135673K [0x0000000080000000, 0x0000000100000000)
  region size 1024K, 56 young (57344K), 4 survivors (4096K)
 Metaspace       used 81913K, capacity 84718K, committed 84992K, reserved 589824K
  class space    used 11190K, capacity 12268K, committed 12364K, reserved 516096K
}
Event: 31.131 GC heap after
{Heap after GC invocations=23 (full 0):
 garbage-first heap   total 167936K, used 87795K [0x0000000080000000, 0x0000000100000000)
  region size 1024K, 6 young (6144K), 6 survivors (6144K)
 Metaspace       used 81913K, capacity 84718K, committed 84992K, reserved 589824K
  class space    used 11190K, capacity 12268K, committed 12364K, reserved 516096K
}
Event: 31.358 GC heap before
{Heap before GC invocations=24 (full 0):
 garbage-first heap   total 167936K, used 117491K [0x0000000080000000, 0x0000000100000000)
  region size 1024K, 31 young (31744K), 6 survivors (6144K)
 Metaspace       used 82696K, capacity 85539K, committed 85888K, reserved 589824K
  class space    used 11295K, capacity 12386K, committed 12492K, reserved 516096K
}
Event: 31.371 GC heap after
{Heap after GC invocations=25 (full 0):
 garbage-first heap   total 167936K, used 96307K [0x0000000080000000, 0x0000000100000000)
  region size 1024K, 6 young (6144K), 6 survivors (6144K)
 Metaspace       used 82696K, capacity 85539K, committed 85888K, reserved 589824K
  class space    used 11295K, capacity 12386K, committed 12492K, reserved 516096K
}
Event: 31.693 GC heap before
{Heap before GC invocations=26 (full 0):
 garbage-first heap   total 167936K, used 139315K [0x0000000080000000, 0x0000000100000000)
  region size 1024K, 46 young (47104K), 6 survivors (6144K)
 Metaspace       used 84130K, capacity 87153K, committed 87424K, reserved 591872K
  class space    used 11541K, capacity 12689K, committed 12748K, reserved 516096K
}
Event: 31.714 GC heap after
{Heap after GC invocations=27 (full 0):
 garbage-first heap   total 167936K, used 96104K [0x0000000080000000, 0x0000000100000000)
  region size 1024K, 5 young (5120K), 5 survivors (5120K)
 Metaspace       used 84130K, capacity 87153K, committed 87424K, reserved 591872K
  class space    used 11541K, capacity 12689K, committed 12748K, reserved 516096K
}
Event: 32.556 GC heap before
{Heap before GC invocations=27 (full 0):
 garbage-first heap   total 167936K, used 138088K [0x0000000080000000, 0x0000000100000000)
  region size 1024K, 46 young (47104K), 5 survivors (5120K)
 Metaspace       used 88461K, capacity 91480K, committed 91648K, reserved 595968K
  class space    used 12146K, capacity 13370K, committed 13388K, reserved 516096K
}
Event: 32.572 GC heap after
{Heap after GC invocations=28 (full 0):
 garbage-first heap   total 167936K, used 97794K [0x0000000080000000, 0x0000000100000000)
  region size 1024K, 2 young (2048K), 2 survivors (2048K)
 Metaspace       used 88461K, capacity 91480K, committed 91648K, reserved 595968K
  class space    used 12146K, capacity 13370K, committed 13388K, reserved 516096K
}

